[backblue.gif]
[fade.gif]
[index.html]
[keenitsolutions.com/products/html/edulearn/edulearn-demo/images/fav.png]
[keenitsolutions.com/products/html/edulearn/edulearn-demo/css/bootstrap.min.css]
[keenitsolutions.com/products/html/edulearn/edulearn-demo/css/font-awesome.min.css]
[keenitsolutions.com/products/html/edulearn/edulearn-demo/css/animate.css]
[keenitsolutions.com/products/html/edulearn/edulearn-demo/css/owl.carousel.css]
[keenitsolutions.com/products/html/edulearn/edulearn-demo/css/slick.css]
[keenitsolutions.com/products/html/edulearn/edulearn-demo/css/magnific-popup.css]
[keenitsolutions.com/products/html/edulearn/edulearn-demo/css/off-canvas.css]
[keenitsolutions.com/products/html/edulearn/edulearn-demo/fonts/flaticon.css]
[keenitsolutions.com/products/html/edulearn/edulearn-demo/fonts/fonts2/flaticon.css]
[keenitsolutions.com/products/html/edulearn/edulearn-demo/css/rsmenu-main.css]
[keenitsolutions.com/products/html/edulearn/edulearn-demo/css/rsmenu-transitions.css]
[keenitsolutions.com/products/html/edulearn/edulearn-demo/style.css]
[keenitsolutions.com/products/html/edulearn/edulearn-demo/css/responsive.css]
[keenitsolutions.com/products/html/edulearn/edulearn-demo/images/logo.png]
[keenitsolutions.com/products/html/edulearn/edulearn-demo/images/slider/home1/slide1.jpg]
[keenitsolutions.com/products/html/edulearn/edulearn-demo/images/slider/home1/slide2.jpg]
[keenitsolutions.com/products/html/edulearn/edulearn-demo/images/slider/home1/slide3.jpg]
[keenitsolutions.com/products/html/edulearn/edulearn-demo/images/about/about.jpg]
[keenitsolutions.com/products/html/edulearn/edulearn-demo/images/courses/1.jpg]
[keenitsolutions.com/products/html/edulearn/edulearn-demo/images/courses/2.jpg]
[keenitsolutions.com/products/html/edulearn/edulearn-demo/images/courses/3.jpg]
[keenitsolutions.com/products/html/edulearn/edulearn-demo/images/counter/1.jpg]
[keenitsolutions.com/products/html/edulearn/edulearn-demo/images/events/1.jpg]
[keenitsolutions.com/products/html/edulearn/edulearn-demo/images/events/2.jpg]
[keenitsolutions.com/products/html/edulearn/edulearn-demo/images/events/3.jpg]
[keenitsolutions.com/products/html/edulearn/edulearn-demo/images/team/1.jpg]
[keenitsolutions.com/products/html/edulearn/edulearn-demo/images/team/2.jpg]
[keenitsolutions.com/products/html/edulearn/edulearn-demo/images/team/3.jpg]
[keenitsolutions.com/products/html/edulearn/edulearn-demo/images/blog/1.jpg]
[keenitsolutions.com/products/html/edulearn/edulearn-demo/images/blog/2.jpg]
[keenitsolutions.com/products/html/edulearn/edulearn-demo/images/blog/3.jpg]
[keenitsolutions.com/products/html/edulearn/edulearn-demo/images/blog/4.jpg]
[keenitsolutions.com/products/html/edulearn/edulearn-demo/images/products/1.jpg]
[keenitsolutions.com/products/html/edulearn/edulearn-demo/images/products/2.jpg]
[keenitsolutions.com/products/html/edulearn/edulearn-demo/images/products/4.jpg]
[keenitsolutions.com/products/html/edulearn/edulearn-demo/images/testimonial/1.jpg]
[keenitsolutions.com/products/html/edulearn/edulearn-demo/images/testimonial/2.jpg]
[keenitsolutions.com/products/html/edulearn/edulearn-demo/images/testimonial/3.jpg]
[keenitsolutions.com/products/html/edulearn/edulearn-demo/images/testimonial/4.jpg]
[keenitsolutions.com/products/html/edulearn/edulearn-demo/images/testimonial/5.jpg]
[keenitsolutions.com/products/html/edulearn/edulearn-demo/images/partner/1.png]
[keenitsolutions.com/products/html/edulearn/edulearn-demo/images/partner/2.png]
[keenitsolutions.com/products/html/edulearn/edulearn-demo/images/partner/3.png]
[keenitsolutions.com/products/html/edulearn/edulearn-demo/images/partner/4.png]
[keenitsolutions.com/products/html/edulearn/edulearn-demo/images/partner/5.png]
[keenitsolutions.com/products/html/edulearn/edulearn-demo/images/logo-footer.png]
[keenitsolutions.com/products/html/edulearn/edulearn-demo/images/logo-white.png]
[keenitsolutions.com/products/html/edulearn/edulearn-demo/js/modernizr-2.8.3.min.js]
[keenitsolutions.com/products/html/edulearn/edulearn-demo/js/bootstrap.min.js]
[keenitsolutions.com/products/html/edulearn/edulearn-demo/js/owl.carousel.min.js]
[keenitsolutions.com/products/html/edulearn/edulearn-demo/js/slick.min.js]
[keenitsolutions.com/products/html/edulearn/edulearn-demo/js/jquery.min.js]
[keenitsolutions.com/products/html/edulearn/edulearn-demo/js/imagesloaded.pkgd.min.js]
[keenitsolutions.com/products/html/edulearn/edulearn-demo/js/isotope.pkgd.min.js]
[keenitsolutions.com/products/html/edulearn/edulearn-demo/js/wow.min.js]
[keenitsolutions.com/products/html/edulearn/edulearn-demo/js/waypoints.min.js]
[keenitsolutions.com/products/html/edulearn/edulearn-demo/js/jquery.counterup.min.js]
[keenitsolutions.com/products/html/edulearn/edulearn-demo/js/jquery.magnific-popup.min.js]
[keenitsolutions.com/products/html/edulearn/edulearn-demo/js/rsmenu-main.js]
[keenitsolutions.com/products/html/edulearn/edulearn-demo/js/plugins.js]
[keenitsolutions.com/products/html/edulearn/edulearn-demo/js/main.js]
[keenitsolutions.com/products/html/edulearn/edulearn-demo/index.html]
[keenitsolutions.com/products/html/edulearn/edulearn-demo/apple-touch-icon.html]
[keenitsolutions.com/products/html/edulearn/edulearn-demo/css/bootstrap.min.css]
[keenitsolutions.com/products/html/edulearn/edulearn-demo/fonts/fontawesome-webfont3e6e.woff]
[keenitsolutions.com/products/html/edulearn/edulearn-demo/fonts/fontawesome-webfont3e6e.ttf]
[keenitsolutions.com/products/html/edulearn/edulearn-demo/fonts/fontawesome-webfont3e6e.eot]
[keenitsolutions.com/products/html/edulearn/edulearn-demo/css/font-awesome.min.css]
[keenitsolutions.com/products/html/edulearn/edulearn-demo/css/animate.css]
[keenitsolutions.com/products/html/edulearn/edulearn-demo/css/owl.carousel.css]
[keenitsolutions.com/products/html/edulearn/edulearn-demo/css/slick.css]
[keenitsolutions.com/products/html/edulearn/edulearn-demo/css/magnific-popup.css]
[keenitsolutions.com/products/html/edulearn/edulearn-demo/css/off-canvas.css]
[keenitsolutions.com/products/html/edulearn/edulearn-demo/fonts/Flaticon.eot]
[keenitsolutions.com/products/html/edulearn/edulearn-demo/fonts/Flaticond41d.eot]
[keenitsolutions.com/products/html/edulearn/edulearn-demo/fonts/fontawesome-webfontd41d.eot]
[keenitsolutions.com/products/html/edulearn/edulearn-demo/fonts/Flaticon.woff]
[keenitsolutions.com/products/html/edulearn/edulearn-demo/fonts/Flaticon.ttf]
[keenitsolutions.com/products/html/edulearn/edulearn-demo/fonts/flaticon.css]
[keenitsolutions.com/products/html/edulearn/edulearn-demo/fonts/fonts2/Flaticon.eot]
[keenitsolutions.com/products/html/edulearn/edulearn-demo/fonts/fonts2/Flaticon.woff]
[keenitsolutions.com/products/html/edulearn/edulearn-demo/fonts/fonts2/Flaticond41d.eot]
[keenitsolutions.com/products/html/edulearn/edulearn-demo/fonts/fonts2/Flaticon.ttf]
[keenitsolutions.com/products/html/edulearn/edulearn-demo/fonts/fonts2/flaticon.css]
[keenitsolutions.com/products/html/edulearn/edulearn-demo/css/rsmenu-main.css]
[keenitsolutions.com/products/html/edulearn/edulearn-demo/css/rsmenu-transitions.css]
[keenitsolutions.com/products/html/edulearn/edulearn-demo/images/bg/bg1.jpg]
[keenitsolutions.com/products/html/edulearn/edulearn-demo/images/bg/bg2.jpg]
[keenitsolutions.com/products/html/edulearn/edulearn-demo/images/bg/counter-bg.jpg]
[keenitsolutions.com/products/html/edulearn/edulearn-demo/images/bg/cta-bg.jpg]
[keenitsolutions.com/products/html/edulearn/edulearn-demo/images/bg/testimonial-bg.jpg]
[keenitsolutions.com/products/html/edulearn/edulearn-demo/images/bg/bg3.jpg]
[keenitsolutions.com/products/html/edulearn/edulearn-demo/images/bg/bg8.jpg]
[keenitsolutions.com/products/html/edulearn/edulearn-demo/images/bg/video-bg2.jpg]
[keenitsolutions.com/products/html/edulearn/edulearn-demo/style.css]
[keenitsolutions.com/products/html/edulearn/edulearn-demo/css/responsive.css]
[keenitsolutions.com/products/html/edulearn/edulearn-demo/images/slider/home2/slide1.jpg]
[keenitsolutions.com/products/html/edulearn/edulearn-demo/images/slider/home2/slide2.jpg]
[keenitsolutions.com/products/html/edulearn/edulearn-demo/images/slider/home2/slide3.jpg]
[keenitsolutions.com/products/html/edulearn/edulearn-demo/images/courses/4.jpg]
[keenitsolutions.com/products/html/edulearn/edulearn-demo/images/courses/5.jpg]
[keenitsolutions.com/products/html/edulearn/edulearn-demo/images/courses/6.jpg]
[keenitsolutions.com/products/html/edulearn/edulearn-demo/images/courses/7.jpg]
[keenitsolutions.com/products/html/edulearn/edulearn-demo/images/courses/9.jpg]
[keenitsolutions.com/products/html/edulearn/edulearn-demo/index2.html]
[keenitsolutions.com/products/html/edulearn/edulearn-demo/images/slider/home3/slide1.jpg]
[keenitsolutions.com/products/html/edulearn/edulearn-demo/images/slider/home3/slide2.jpg]
[keenitsolutions.com/products/html/edulearn/edulearn-demo/images/slider/home3/slide3.jpg]
[keenitsolutions.com/products/html/edulearn/edulearn-demo/images/instagram/1.jpg]
[keenitsolutions.com/products/html/edulearn/edulearn-demo/images/instagram/2.jpg]
[keenitsolutions.com/products/html/edulearn/edulearn-demo/images/instagram/3.jpg]
[keenitsolutions.com/products/html/edulearn/edulearn-demo/images/instagram/4.jpg]
[keenitsolutions.com/products/html/edulearn/edulearn-demo/images/instagram/5.jpg]
[keenitsolutions.com/products/html/edulearn/edulearn-demo/images/instagram/6.jpg]
[keenitsolutions.com/products/html/edulearn/edulearn-demo/images/instagram/7.jpg]
[keenitsolutions.com/products/html/edulearn/edulearn-demo/images/instagram/8.jpg]
[keenitsolutions.com/products/html/edulearn/edulearn-demo/index3.html]
[keenitsolutions.com/products/html/edulearn/edulearn-demo/images/slider/home4/slide1.jpg]
[keenitsolutions.com/products/html/edulearn/edulearn-demo/images/slider/home4/slide2.jpg]
[keenitsolutions.com/products/html/edulearn/edulearn-demo/images/slider/home4/slide3.jpg]
[keenitsolutions.com/products/html/edulearn/edulearn-demo/images/about/signature.png]
[keenitsolutions.com/products/html/edulearn/edulearn-demo/images/about/about2.jpg]
[keenitsolutions.com/products/html/edulearn/edulearn-demo/images/blog/5.jpg]
[keenitsolutions.com/products/html/edulearn/edulearn-demo/images/blog/6.jpg]
[keenitsolutions.com/products/html/edulearn/edulearn-demo/images/blog/t1.jpg]
[keenitsolutions.com/products/html/edulearn/edulearn-demo/images/blog/t2.jpg]
[keenitsolutions.com/products/html/edulearn/edulearn-demo/images/blog/t3.jpg]
[keenitsolutions.com/products/html/edulearn/edulearn-demo/images/flickr/1.jpg]
[keenitsolutions.com/products/html/edulearn/edulearn-demo/images/flickr/2.jpg]
[keenitsolutions.com/products/html/edulearn/edulearn-demo/images/flickr/3.jpg]
[keenitsolutions.com/products/html/edulearn/edulearn-demo/images/flickr/4.jpg]
[keenitsolutions.com/products/html/edulearn/edulearn-demo/images/flickr/5.jpg]
[keenitsolutions.com/products/html/edulearn/edulearn-demo/images/flickr/6.jpg]
[keenitsolutions.com/products/html/edulearn/edulearn-demo/index4.html]
[keenitsolutions.com/products/html/edulearn/edulearn-demo/images/fav5.png]
[keenitsolutions.com/products/html/edulearn/edulearn-demo/images/logo2.png]
[keenitsolutions.com/products/html/edulearn/edulearn-demo/images/slider/home5/1_1.jpg]
[keenitsolutions.com/products/html/edulearn/edulearn-demo/images/slider/home5/1_2.jpg]
[keenitsolutions.com/products/html/edulearn/edulearn-demo/images/about/about3.jpg]
[keenitsolutions.com/products/html/edulearn/edulearn-demo/images/courses/kids1.jpg]
[keenitsolutions.com/products/html/edulearn/edulearn-demo/images/courses/kids2.jpg]
[keenitsolutions.com/products/html/edulearn/edulearn-demo/images/courses/kids3.jpg]
[keenitsolutions.com/products/html/edulearn/edulearn-demo/images/team/4.jpg]
[keenitsolutions.com/products/html/edulearn/edulearn-demo/images/team/5.jpg]
[keenitsolutions.com/products/html/edulearn/edulearn-demo/images/team/6.jpg]
[keenitsolutions.com/products/html/edulearn/edulearn-demo/images/team/7.jpg]
[keenitsolutions.com/products/html/edulearn/edulearn-demo/images/events/kids/kids1.jpg]
[keenitsolutions.com/products/html/edulearn/edulearn-demo/images/events/kids/kids3.jpg]
[keenitsolutions.com/products/html/edulearn/edulearn-demo/images/gallery/kids/2.jpg]
[keenitsolutions.com/products/html/edulearn/edulearn-demo/images/gallery/kids/3.jpg]
[keenitsolutions.com/products/html/edulearn/edulearn-demo/images/gallery/kids/4.jpg]
[keenitsolutions.com/products/html/edulearn/edulearn-demo/images/gallery/kids/5.jpg]
[keenitsolutions.com/products/html/edulearn/edulearn-demo/images/logo-footer2.png]
[keenitsolutions.com/products/html/edulearn/edulearn-demo/index5.html]
[keenitsolutions.com/products/html/edulearn/edulearn-demo/images/slider/banner.jpg]
[keenitsolutions.com/products/html/edulearn/edulearn-demo/images/about/about_me.jpg]
[keenitsolutions.com/products/html/edulearn/edulearn-demo/instructor-home.html]
[keenitsolutions.com/products/html/edulearn/edulearn-demo/images/about/history.jpg]
[keenitsolutions.com/products/html/edulearn/edulearn-demo/images/about/mission1.jpg]
[keenitsolutions.com/products/html/edulearn/edulearn-demo/images/about/mission2.jpg]
[keenitsolutions.com/products/html/edulearn/edulearn-demo/images/about/vision.jpg]
[keenitsolutions.com/products/html/edulearn/edulearn-demo/images/about/australia.png]
[keenitsolutions.com/products/html/edulearn/edulearn-demo/images/about/china.png]
[keenitsolutions.com/products/html/edulearn/edulearn-demo/images/about/india.png]
[keenitsolutions.com/products/html/edulearn/edulearn-demo/images/about/united-states.png]
[keenitsolutions.com/products/html/edulearn/edulearn-demo/about.html]
[keenitsolutions.com/products/html/edulearn/edulearn-demo/css/timeline.css]
[keenitsolutions.com/products/html/edulearn/edulearn-demo/about2.html]
[keenitsolutions.com/products/html/edulearn/edulearn-demo/about3.html]
[keenitsolutions.com/products/html/edulearn/edulearn-demo/js/timeline.js]
[keenitsolutions.com/products/html/edulearn/edulearn-demo/images/blogpage/1.jpg]
[keenitsolutions.com/products/html/edulearn/edulearn-demo/js/hammer.min.js]
[keenitsolutions.com/products/html/edulearn/edulearn-demo/images/blogpage/2.jpg]
[keenitsolutions.com/products/html/edulearn/edulearn-demo/images/blogpage/3.jpg]
[keenitsolutions.com/products/html/edulearn/edulearn-demo/images/blogpage/4.jpg]
[keenitsolutions.com/products/html/edulearn/edulearn-demo/images/blogpage/5.jpg]
[keenitsolutions.com/products/html/edulearn/edulearn-demo/blog.html]
[keenitsolutions.com/products/html/edulearn/edulearn-demo/images/blog-details/1.jpg]
[keenitsolutions.com/products/html/edulearn/edulearn-demo/images/blog-details/mid1.jpg]
[keenitsolutions.com/products/html/edulearn/edulearn-demo/images/blog-details/mid2.jpg]
[keenitsolutions.com/products/html/edulearn/edulearn-demo/images/blog-details/mid3.jpg]
[keenitsolutions.com/products/html/edulearn/edulearn-demo/images/blog-details/comment.png]
[keenitsolutions.com/products/html/edulearn/edulearn-demo/images/blog-details/sm1.jpg]
[keenitsolutions.com/products/html/edulearn/edulearn-demo/images/blog-details/sm2.jpg]
[keenitsolutions.com/products/html/edulearn/edulearn-demo/images/blog-details/sm3.jpg]
[keenitsolutions.com/products/html/edulearn/edulearn-demo/blog-details.html]
[keenitsolutions.com/products/html/edulearn/edulearn-demo/images/teachers/1.jpg]
[keenitsolutions.com/products/html/edulearn/edulearn-demo/images/teachers/2.jpg]
[keenitsolutions.com/products/html/edulearn/edulearn-demo/images/teachers/3.jpg]
[keenitsolutions.com/products/html/edulearn/edulearn-demo/images/teachers/4.jpg]
[keenitsolutions.com/products/html/edulearn/edulearn-demo/images/teachers/5.jpg]
[keenitsolutions.com/products/html/edulearn/edulearn-demo/images/teachers/6.jpg]
[keenitsolutions.com/products/html/edulearn/edulearn-demo/images/teachers/7.jpg]
[keenitsolutions.com/products/html/edulearn/edulearn-demo/images/teachers/8.jpg]
[keenitsolutions.com/products/html/edulearn/edulearn-demo/images/teachers/9.jpg]
[keenitsolutions.com/products/html/edulearn/edulearn-demo/images/teachers/10.jpg]
[keenitsolutions.com/products/html/edulearn/edulearn-demo/images/teachers/11.jpg]
[keenitsolutions.com/products/html/edulearn/edulearn-demo/images/teachers/12.jpg]
[keenitsolutions.com/products/html/edulearn/edulearn-demo/teachers.html]
[keenitsolutions.com/products/html/edulearn/edulearn-demo/teachers-without-filter.html]
[keenitsolutions.com/products/html/edulearn/edulearn-demo/images/teachers/team-single.jpg]
[keenitsolutions.com/products/html/edulearn/edulearn-demo/teachers-single.html]
[keenitsolutions.com/products/html/edulearn/edulearn-demo/js/contact.form.js]
[keenitsolutions.com/products/html/edulearn/edulearn-demo/contact.html]
[keenitsolutions.com/products/html/edulearn/edulearn-demo/images/gallery/1.jpg]
[keenitsolutions.com/products/html/edulearn/edulearn-demo/images/gallery/2.jpg]
[keenitsolutions.com/products/html/edulearn/edulearn-demo/images/gallery/3.jpg]
[keenitsolutions.com/products/html/edulearn/edulearn-demo/images/gallery/5.jpg]
[keenitsolutions.com/products/html/edulearn/edulearn-demo/gallery.html]
[keenitsolutions.com/products/html/edulearn/edulearn-demo/gallery2.html]
[keenitsolutions.com/products/html/edulearn/edulearn-demo/gallery3.html]
[keenitsolutions.com/products/html/edulearn/edulearn-demo/error-404.html]
[keenitsolutions.com/products/html/edulearn/edulearn-demo/images/shop/1.jpg]
[keenitsolutions.com/products/html/edulearn/edulearn-demo/images/shop/2.jpg]
[keenitsolutions.com/products/html/edulearn/edulearn-demo/images/shop/3.jpg]
[keenitsolutions.com/products/html/edulearn/edulearn-demo/images/shop/4.jpg]
[keenitsolutions.com/products/html/edulearn/edulearn-demo/images/shop/5.jpg]
[keenitsolutions.com/products/html/edulearn/edulearn-demo/images/shop/6.jpg]
[keenitsolutions.com/products/html/edulearn/edulearn-demo/images/shop/7.jpg]
[keenitsolutions.com/products/html/edulearn/edulearn-demo/images/shop/8.jpg]
[keenitsolutions.com/products/html/edulearn/edulearn-demo/images/shop/9.jpg]
[keenitsolutions.com/products/html/edulearn/edulearn-demo/images/shop/10.jpg]
[keenitsolutions.com/products/html/edulearn/edulearn-demo/images/shop/11.jpg]
[keenitsolutions.com/products/html/edulearn/edulearn-demo/images/shop/12.jpg]
[keenitsolutions.com/products/html/edulearn/edulearn-demo/shop.html]
[keenitsolutions.com/products/html/edulearn/edulearn-demo/css/slick-theme.css]
[keenitsolutions.com/products/html/edulearn/edulearn-demo/images/shop-single/5.jpg]
[keenitsolutions.com/products/html/edulearn/edulearn-demo/images/shop-single/6.jpg]
[keenitsolutions.com/products/html/edulearn/edulearn-demo/images/shop-single/7.jpg]
[keenitsolutions.com/products/html/edulearn/edulearn-demo/images/shop-single/8.jpg]
[keenitsolutions.com/products/html/edulearn/edulearn-demo/images/shop-single/10.jpg]
[keenitsolutions.com/products/html/edulearn/edulearn-demo/images/shop-single/12.jpg]
[keenitsolutions.com/products/html/edulearn/edulearn-demo/images/shop-single/11.jpg]
[keenitsolutions.com/products/html/edulearn/edulearn-demo/images/shop-single/9.jpg]
[keenitsolutions.com/products/html/edulearn/edulearn-demo/shop-details.html]
[keenitsolutions.com/products/html/edulearn/edulearn-demo/images/cart/3.jpg]
[keenitsolutions.com/products/html/edulearn/edulearn-demo/images/cart/1.jpg]
[keenitsolutions.com/products/html/edulearn/edulearn-demo/images/cart/2.jpg]
[keenitsolutions.com/products/html/edulearn/edulearn-demo/cart.html]
[keenitsolutions.com/products/html/edulearn/edulearn-demo/images/porder-img.png]
[keenitsolutions.com/products/html/edulearn/edulearn-demo/checkout.html]
[keenitsolutions.com/products/html/edulearn/edulearn-demo/images/courses/10.jpg]
[keenitsolutions.com/products/html/edulearn/edulearn-demo/images/courses/11.jpg]
[keenitsolutions.com/products/html/edulearn/edulearn-demo/images/courses/12.jpg]
[keenitsolutions.com/products/html/edulearn/edulearn-demo/images/courses/13.jpg]
[keenitsolutions.com/products/html/edulearn/edulearn-demo/images/courses/14.jpg]
[keenitsolutions.com/products/html/edulearn/edulearn-demo/images/courses/15.jpg]
[keenitsolutions.com/products/html/edulearn/edulearn-demo/images/courses/16.jpg]
[keenitsolutions.com/products/html/edulearn/edulearn-demo/images/courses/17.jpg]
[keenitsolutions.com/products/html/edulearn/edulearn-demo/images/courses/18.jpg]
[keenitsolutions.com/products/html/edulearn/edulearn-demo/courses.html]
[keenitsolutions.com/products/html/edulearn/edulearn-demo/courses2.html]
[keenitsolutions.com/products/html/edulearn/edulearn-demo/images/courses/courses-details.jpg]
[keenitsolutions.com/products/html/edulearn/edulearn-demo/courses-details.html]
[keenitsolutions.com/products/html/edulearn/edulearn-demo/css/color-style.css]
[keenitsolutions.com/products/html/edulearn/edulearn-demo/courses-details2.html]
[keenitsolutions.com/products/html/edulearn/edulearn-demo/js/color-style.js]
[keenitsolutions.com/products/html/edulearn/edulearn-demo/images/events/4.jpg]
[keenitsolutions.com/products/html/edulearn/edulearn-demo/images/events/5.jpg]
[keenitsolutions.com/products/html/edulearn/edulearn-demo/images/events/6.jpg]
[keenitsolutions.com/products/html/edulearn/edulearn-demo/images/events/7.jpg]
[keenitsolutions.com/products/html/edulearn/edulearn-demo/images/events/8.jpg]
[keenitsolutions.com/products/html/edulearn/edulearn-demo/images/events/9.jpg]
[keenitsolutions.com/products/html/edulearn/edulearn-demo/events.html]
[keenitsolutions.com/products/html/edulearn/edulearn-demo/images/events/event-details.jpg]
[keenitsolutions.com/products/html/edulearn/edulearn-demo/events-details.html]
[keenitsolutions.com/products/html/edulearn/edulearn-demo/images/slider/home1/slide1.jpg]
[keenitsolutions.com/products/html/edulearn/edulearn-demo/images/slider/home1/slide2.jpg]
[keenitsolutions.com/products/html/edulearn/edulearn-demo/images/slider/home1/slide3.jpg]
[keenitsolutions.com/products/html/edulearn/edulearn-demo/images/products/3.jpg]
[keenitsolutions.com/products/html/edulearn/edulearn-demo/fonts/fontawesome-webfont3e6e.html]
[keenitsolutions.com/products/html/edulearn/edulearn-demo/fonts/fontawesome-webfont3e6e.svg]
[keenitsolutions.com/products/html/edulearn/edulearn-demo/css/owl.video.play.html]
[keenitsolutions.com/products/html/edulearn/edulearn-demo/fonts/Flaticon.svg]
[keenitsolutions.com/products/html/edulearn/edulearn-demo/fonts/fonts2/Flaticon.svg]
[keenitsolutions.com/products/html/edulearn/edulearn-demo/images/slider/home2/slide1.jpg]
[keenitsolutions.com/products/html/edulearn/edulearn-demo/images/courses/8.jpg]
[keenitsolutions.com/products/html/edulearn/edulearn-demo/images/choose-us/1.png]
[keenitsolutions.com/products/html/edulearn/edulearn-demo/images/slider/home5/1_1.jpg]
[keenitsolutions.com/products/html/edulearn/edulearn-demo/images/events/kids/kids2.jpg]
[keenitsolutions.com/products/html/edulearn/edulearn-demo/images/gallery/kids/1.jpg]
[keenitsolutions.com/products/html/edulearn/edulearn-demo/teachers-single-2.html]
[keenitsolutions.com/products/html/edulearn/edulearn-demo/css/timeline.css]
[keenitsolutions.com/products/html/edulearn/edulearn-demo/images/gallery/4.jpg]
[keenitsolutions.com/products/html/edulearn/edulearn-demo/images/gallery/6.jpg]
[keenitsolutions.com/products/html/edulearn/edulearn-demo/css/ajax-loader.gif]
[keenitsolutions.com/products/html/edulearn/edulearn-demo/css/slick-theme.css]
[keenitsolutions.com/products/html/edulearn/edulearn-demo/css/color-style.css]
[keenitsolutions.com/products/html/edulearn/edulearn-demo/images/events/kids1.html]
[keenitsolutions.com/products/html/edulearn/edulearn-demo/images/choose-us/1.png]
